This file contains any messages produced by compilers while
running configure, to aid debugging if configure makes a mistake.

It was created by Tktable configure 2.11, which was
generated by GNU Autoconf 2.63.  Invocation command line was

  $ ./configure --prefix=/c/Tclbuild/Tcl64/lib --with-tcl=/c/Tclbuild/Tcl64/lib --with-tk=/c/Tclbuild/Tcl64/lib

## --------- ##
## Platform. ##
## --------- ##

hostname = winhera
uname -m = i686
uname -r = 1.0.18(0.48/3/2)
uname -s = MINGW32_NT-6.2
uname -v = 2012-11-21 22:34

/usr/bin/uname -p = unknown
/bin/uname -X     = unknown

/bin/arch              = unknown
/usr/bin/arch -k       = unknown
/usr/convex/getsysinfo = unknown
/usr/bin/hostinfo      = unknown
/bin/machine           = unknown
/usr/bin/oslevel       = unknown
/bin/universe          = unknown

PATH: /usr/local/bin
PATH: /c/Rtools/mingw_64/bin/
PATH: /bin/


## ----------- ##
## Core tests. ##
## ----------- ##

configure:1899: checking for correct TEA configuration
configure:1918: result: ok (TEA 3.9)
configure:1925: checking for cygpath
configure:1953: result: echo
configure:1985: configuring Tktable 2.11
configure:2060: checking for Tcl configuration
configure:2187: result: found /c/Tclbuild/Tcl64/lib/tclConfig.sh
configure:2193: checking for existence of /c/Tclbuild/Tcl64/lib/tclConfig.sh
configure:2197: result: loading
configure:2325: checking for Tk configuration
configure:2452: result: found /c/Tclbuild/Tcl64/lib/tkConfig.sh
configure:2458: checking for existence of /c/Tclbuild/Tcl64/lib/tkConfig.sh
configure:2462: result: loading
configure:2570: --exec-prefix defaulting to TCL_EXEC_PREFIX /c/Tclbuild/Tcl64
configure:2646: checking for gcc
configure:2662: found /c/Rtools/mingw_64/bin//gcc
configure:2673: result: gcc
configure:2905: checking for C compiler version
configure:2913: gcc --version >&5
gcc.exe (x86_64-posix-seh, Built by MinGW-W64 project) 4.9.3
Copyright (C) 2015 Free Software Foundation, Inc.
This is free software; see the source for copying conditions.  There is NO
warranty; not even for MERCHANTABILITY or FITNESS FOR A PARTICULAR PURPOSE.

configure:2917: $? = 0
configure:2924: gcc -v >&5
Using built-in specs.
COLLECT_GCC=c:\Rtools\mingw_64\bin\gcc.exe
COLLECT_LTO_WRAPPER=c:/Rtools/mingw_64/bin/../libexec/gcc/x86_64-w64-mingw32/4.9.3/lto-wrapper.exe
Target: x86_64-w64-mingw32
Configured with: ../../../src/gcc-4.9.3/configure --host=x86_64-w64-mingw32 --build=x86_64-w64-mingw32 --target=x86_64-w64-mingw32 --prefix=/mingw64 --with-sysroot=/home/Jeroen/mingw-gcc-4.9.3/x86_64-493-posix-seh-rt_v3-s/mingw64 --with-gxx-include-dir=/mingw64/x86_64-w64-mingw32/include/c++ --enable-static --disable-shared --disable-multilib --enable-languages=c,c++,fortran,lto --enable-libstdcxx-time=yes --enable-threads=posix --enable-libgomp --enable-libatomic --enable-lto --enable-graphite --enable-checking=release --enable-fully-dynamic-string --enable-version-specific-runtime-libs --disable-isl-version-check --disable-cloog-version-check --disable-libstdcxx-pch --disable-libstdcxx-debug --enable-bootstrap --disable-rpath --disable-win32-registry --disable-nls --disable-werror --disable-symvers --with-gnu-as --with-gnu-ld --with-arch=nocona --with-tune=core2 --with-libiconv --with-system-zlib --with-gmp=/home/Jeroen/mingw-gcc-4.9.3/prerequisites/x86_64-w64-mingw32-static --with-mpfr=/home/Jeroen/mingw-gcc-4.9.3/prerequisites/x86_64-w64-mingw32-static --with-mpc=/home/Jeroen/mingw-gcc-4.9.3/prerequisites/x86_64-w64-mingw32-static --with-isl=/home/Jeroen/mingw-gcc-4.9.3/prerequisites/x86_64-w64-mingw32-static --with-cloog=/home/Jeroen/mingw-gcc-4.9.3/prerequisites/x86_64-w64-mingw32-static --enable-cloog-backend=isl --with-pkgversion='x86_64-posix-seh, Built by MinGW-W64 project' --with-bugurl=http://sourceforge.net/projects/mingw-w64 CFLAGS='-O2 -pipe -I/home/Jeroen/mingw-gcc-4.9.3/x86_64-493-posix-seh-rt_v3-s/mingw64/opt/include -I/home/Jeroen/mingw-gcc-4.9.3/prerequisites/x86_64-zlib-static/include -I/home/Jeroen/mingw-gcc-4.9.3/prerequisites/x86_64-w64-mingw32-static/include' CXXFLAGS='-O2 -pipe -I/home/Jeroen/mingw-gcc-4.9.3/x86_64-493-posix-seh-rt_v3-s/mingw64/opt/include -I/home/Jeroen/mingw-gcc-4.9.3/prerequisites/x86_64-zlib-static/include -I/home/Jeroen/mingw-gcc-4.9.3/prerequisites/x86_64-w64-mingw32-static/include' CPPFLAGS= LDFLAGS='-pipe -L/home/Jeroen/mingw-gcc-4.9.3/x86_64-493-posix-seh-rt_v3-s/mingw64/opt/lib -L/home/Jeroen/mingw-gcc-4.9.3/prerequisites/x86_64-zlib-static/lib -L/home/Jeroen/mingw-gcc-4.9.3/prerequisites/x86_64-w64-mingw32-static/lib '
Thread model: posix
gcc version 4.9.3 (x86_64-posix-seh, Built by MinGW-W64 project) 
configure:2928: $? = 0
configure:2935: gcc -V >&5
gcc.exe: error: unrecognized command line option '-V'
gcc.exe: fatal error: no input files
compilation terminated.
configure:2939: $? = 1
configure:2962: checking for C compiler default output file name
configure:2984: gcc    conftest.c  >&5
configure:2988: $? = 0
configure:3026: result: a.exe
configure:3045: checking whether the C compiler works
configure:3055: ./a.exe
configure:3059: $? = 0
configure:3078: result: yes
configure:3085: checking whether we are cross compiling
configure:3087: result: no
configure:3090: checking for suffix of executables
configure:3097: gcc -o conftest.exe    conftest.c  >&5
configure:3101: $? = 0
configure:3127: result: .exe
configure:3133: checking for suffix of object files
configure:3159: gcc -c   conftest.c >&5
configure:3163: $? = 0
configure:3188: result: o
configure:3192: checking whether we are using the GNU C compiler
configure:3221: gcc -c   conftest.c >&5
configure:3228: $? = 0
configure:3245: result: yes
configure:3254: checking whether gcc accepts -g
configure:3284: gcc -c -g  conftest.c >&5
configure:3291: $? = 0
configure:3392: result: yes
configure:3409: checking for gcc option to accept ISO C89
configure:3483: gcc  -c   conftest.c >&5
configure:3490: $? = 0
configure:3513: result: none needed
configure:3536: checking how to run the C preprocessor
configure:3576: gcc -E  conftest.c
configure:3583: $? = 0
configure:3614: gcc -E  conftest.c
conftest.c:9:28: fatal error: ac_nonexistent.h: No such file or directory
 #include <ac_nonexistent.h>
                            ^
compilation terminated.
configure:3621: $? = 1
configure: failed program was:
| /* confdefs.h.  */
| #define PACKAGE_NAME "Tktable"
| #define PACKAGE_TARNAME "tktable"
| #define PACKAGE_VERSION "2.11"
| #define PACKAGE_STRING "Tktable 2.11"
| #define PACKAGE_BUGREPORT ""
| #define BUILD_Tktable /**/
| /* end confdefs.h.  */
| #include <ac_nonexistent.h>
configure:3654: result: gcc -E
configure:3683: gcc -E  conftest.c
configure:3690: $? = 0
configure:3721: gcc -E  conftest.c
conftest.c:9:28: fatal error: ac_nonexistent.h: No such file or directory
 #include <ac_nonexistent.h>
                            ^
compilation terminated.
configure:3728: $? = 1
configure: failed program was:
| /* confdefs.h.  */
| #define PACKAGE_NAME "Tktable"
| #define PACKAGE_TARNAME "tktable"
| #define PACKAGE_VERSION "2.11"
| #define PACKAGE_STRING "Tktable 2.11"
| #define PACKAGE_BUGREPORT ""
| #define BUILD_Tktable /**/
| /* end confdefs.h.  */
| #include <ac_nonexistent.h>
configure:3782: checking for a BSD-compatible install
configure:3850: result: /bin//install -c
configure:3866: checking whether make sets $(MAKE)
configure:3888: result: yes
configure:3945: checking for ranlib
configure:3961: found /c/Rtools/mingw_64/bin//ranlib
configure:3972: result: ranlib
configure:4004: checking for grep that handles long lines and -e
configure:4064: result: /bin//grep
configure:4069: checking for egrep
configure:4133: result: /bin//grep -E
configure:4138: checking for ANSI C header files
configure:4168: gcc -c   conftest.c >&5
configure:4175: $? = 0
configure:4274: gcc -o conftest.exe    conftest.c  >&5
configure:4278: $? = 0
configure:4284: ./conftest.exe
configure:4288: $? = 0
configure:4306: result: yes
configure:4330: checking for sys/types.h
configure:4351: gcc -c   conftest.c >&5
configure:4358: $? = 0
configure:4375: result: yes
configure:4330: checking for sys/stat.h
configure:4351: gcc -c   conftest.c >&5
configure:4358: $? = 0
configure:4375: result: yes
configure:4330: checking for stdlib.h
configure:4351: gcc -c   conftest.c >&5
configure:4358: $? = 0
configure:4375: result: yes
configure:4330: checking for string.h
configure:4351: gcc -c   conftest.c >&5
configure:4358: $? = 0
configure:4375: result: yes
configure:4330: checking for memory.h
configure:4351: gcc -c   conftest.c >&5
configure:4358: $? = 0
configure:4375: result: yes
configure:4330: checking for strings.h
configure:4351: gcc -c   conftest.c >&5
configure:4358: $? = 0
configure:4375: result: yes
configure:4330: checking for inttypes.h
configure:4351: gcc -c   conftest.c >&5
configure:4358: $? = 0
configure:4375: result: yes
configure:4330: checking for stdint.h
configure:4351: gcc -c   conftest.c >&5
configure:4358: $? = 0
configure:4375: result: yes
configure:4330: checking for unistd.h
configure:4351: gcc -c   conftest.c >&5
configure:4358: $? = 0
configure:4375: result: yes
configure:4399: checking if the compiler understands -pipe
configure:4427: gcc -c  -pipe  conftest.c >&5
configure:4434: $? = 0
configure:4450: result: yes
configure:4462: checking whether byte ordering is bigendian
configure:4487: gcc -c  -pipe  conftest.c >&5
conftest.c:20:9: error: unknown type name 'not'
         not a universal capable compiler
         ^
conftest.c:20:15: error: expected '=', ',', ';', 'asm' or '__attribute__' before 'universal'
         not a universal capable compiler
               ^
conftest.c:20:15: error: unknown type name 'universal'
configure:4494: $? = 1
configure: failed program was:
| /* confdefs.h.  */
| #define PACKAGE_NAME "Tktable"
| #define PACKAGE_TARNAME "tktable"
| #define PACKAGE_VERSION "2.11"
| #define PACKAGE_STRING "Tktable 2.11"
| #define PACKAGE_BUGREPORT ""
| #define BUILD_Tktable /**/
| #define STDC_HEADERS 1
| #define HAVE_SYS_TYPES_H 1
| #define HAVE_SYS_STAT_H 1
| #define HAVE_STDLIB_H 1
| #define HAVE_STRING_H 1
| #define HAVE_MEMORY_H 1
| #define HAVE_STRINGS_H 1
| #define HAVE_INTTYPES_H 1
| #define HAVE_STDINT_H 1
| #define HAVE_UNISTD_H 1
| /* end confdefs.h.  */
| #ifndef __APPLE_CC__
| 	       not a universal capable compiler
| 	     #endif
| 	     typedef int dummy;
| 
configure:4544: gcc -c  -pipe  conftest.c >&5
configure:4551: $? = 0
configure:4583: gcc -c  -pipe  conftest.c >&5
conftest.c: In function 'main':
conftest.c:26:4: error: unknown type name 'not'
    not big endian
    ^
conftest.c:26:12: error: expected '=', ',', ';', 'asm' or '__attribute__' before 'endian'
    not big endian
            ^
configure:4590: $? = 1
configure: failed program was:
| /* confdefs.h.  */
| #define PACKAGE_NAME "Tktable"
| #define PACKAGE_TARNAME "tktable"
| #define PACKAGE_VERSION "2.11"
| #define PACKAGE_STRING "Tktable 2.11"
| #define PACKAGE_BUGREPORT ""
| #define BUILD_Tktable /**/
| #define STDC_HEADERS 1
| #define HAVE_SYS_TYPES_H 1
| #define HAVE_SYS_STAT_H 1
| #define HAVE_STDLIB_H 1
| #define HAVE_STRING_H 1
| #define HAVE_MEMORY_H 1
| #define HAVE_STRINGS_H 1
| #define HAVE_INTTYPES_H 1
| #define HAVE_STDINT_H 1
| #define HAVE_UNISTD_H 1
| /* end confdefs.h.  */
| #include <sys/types.h>
| 		#include <sys/param.h>
| 
| int
| main ()
| {
| #if BYTE_ORDER != BIG_ENDIAN
| 		 not big endian
| 		#endif
| 
|   ;
|   return 0;
| }
configure:4842: result: no
configure:7331: checking for Tcl public headers
configure:7406: result: /c/Tclbuild/Tcl64/include
configure:7419: checking for Tk public headers
configure:7497: result: /c/Tclbuild/Tcl64/include
configure:7511: checking for X11 header files
configure:7518: result: /c/Tclbuild/Tcl64/include
configure:8455: checking for building with threads
configure:8463: result: yes (default)
configure:8504: checking how to build libraries
configure:8522: result: shared
configure:8549: checking if 64bit support is requested
configure:8558: result: no
configure:8563: checking if 64bit Sparc VIS support is requested
configure:8572: result: no
configure:8583: checking if compiler supports visibility "hidden"
configure:8613: gcc -o conftest.exe  -pipe -Werror   conftest.c  >&5
conftest.c: In function 'f':
conftest.c:22:6: error: visibility attribute not supported in this configuration; ignored [-Werror=attributes]
      void f(void) {}
      ^
cc1.exe: all warnings being treated as errors
configure:8620: $? = 1
configure: failed program was:
| /* confdefs.h.  */
| #define PACKAGE_NAME "Tktable"
| #define PACKAGE_TARNAME "tktable"
| #define PACKAGE_VERSION "2.11"
| #define PACKAGE_STRING "Tktable 2.11"
| #define PACKAGE_BUGREPORT ""
| #define BUILD_Tktable /**/
| #define STDC_HEADERS 1
| #define HAVE_SYS_TYPES_H 1
| #define HAVE_SYS_STAT_H 1
| #define HAVE_STDLIB_H 1
| #define HAVE_STRING_H 1
| #define HAVE_MEMORY_H 1
| #define HAVE_STRINGS_H 1
| #define HAVE_INTTYPES_H 1
| #define HAVE_STDINT_H 1
| #define HAVE_UNISTD_H 1
| #define TCL_THREADS 1
| /* end confdefs.h.  */
| 
| 	    extern __attribute__((__visibility__("hidden"))) void f(void);
| 	    void f(void) {}
| int
| main ()
| {
| f();
|   ;
|   return 0;
| }
configure:8641: result: no
configure:8656: checking if rpath support is requested
configure:8665: result: yes
configure:8672: checking if Windows/CE build is requested
configure:8681: result: no
configure:8691: checking system version
configure:8714: result: windows
configure:8753: checking for ar
configure:8769: found /c/Rtools/mingw_64/bin//ar
configure:8780: result: ar
configure:10626: checking for required early compiler flags
configure:10654: gcc -c  -pipe  conftest.c >&5
configure:10661: $? = 0
configure:10753: gcc -c  -pipe  conftest.c >&5
configure:10760: $? = 0
configure:10852: gcc -c  -pipe  conftest.c >&5
conftest.c: In function 'main':
conftest.c:26:19: error: 'open64' undeclared (first use in this function)
 char *p = (char *)open64;
                   ^
conftest.c:26:19: note: each undeclared identifier is reported only once for each function it appears in
configure:10859: $? = 1
configure: failed program was:
| /* confdefs.h.  */
| #define PACKAGE_NAME "Tktable"
| #define PACKAGE_TARNAME "tktable"
| #define PACKAGE_VERSION "2.11"
| #define PACKAGE_STRING "Tktable 2.11"
| #define PACKAGE_BUGREPORT ""
| #define BUILD_Tktable /**/
| #define STDC_HEADERS 1
| #define HAVE_SYS_TYPES_H 1
| #define HAVE_SYS_STAT_H 1
| #define HAVE_STDLIB_H 1
| #define HAVE_STRING_H 1
| #define HAVE_MEMORY_H 1
| #define HAVE_STRINGS_H 1
| #define HAVE_INTTYPES_H 1
| #define HAVE_STDINT_H 1
| #define HAVE_UNISTD_H 1
| #define TCL_THREADS 1
| #define MODULE_SCOPE extern
| #define NO_VIZ /**/
| /* end confdefs.h.  */
| #include <sys/stat.h>
| int
| main ()
| {
| char *p = (char *)open64;
|   ;
|   return 0;
| }
configure:10891: gcc -c  -pipe  conftest.c >&5
conftest.c: In function 'main':
conftest.c:27:19: error: 'open64' undeclared (first use in this function)
 char *p = (char *)open64;
                   ^
conftest.c:27:19: note: each undeclared identifier is reported only once for each function it appears in
configure:10898: $? = 1
configure: failed program was:
| /* confdefs.h.  */
| #define PACKAGE_NAME "Tktable"
| #define PACKAGE_TARNAME "tktable"
| #define PACKAGE_VERSION "2.11"
| #define PACKAGE_STRING "Tktable 2.11"
| #define PACKAGE_BUGREPORT ""
| #define BUILD_Tktable /**/
| #define STDC_HEADERS 1
| #define HAVE_SYS_TYPES_H 1
| #define HAVE_SYS_STAT_H 1
| #define HAVE_STDLIB_H 1
| #define HAVE_STRING_H 1
| #define HAVE_MEMORY_H 1
| #define HAVE_STRINGS_H 1
| #define HAVE_INTTYPES_H 1
| #define HAVE_STDINT_H 1
| #define HAVE_UNISTD_H 1
| #define TCL_THREADS 1
| #define MODULE_SCOPE extern
| #define NO_VIZ /**/
| /* end confdefs.h.  */
| #define _LARGEFILE_SOURCE64 1
| #include <sys/stat.h>
| int
| main ()
| {
| char *p = (char *)open64;
|   ;
|   return 0;
| }
configure:10927: result: none
configure:10935: checking for 64-bit integer type
configure:10964: gcc -c  -pipe  conftest.c >&5
conftest.c: In function 'main':
conftest.c:26:1: error: unknown type name '__int64'
 __int64 value = (__int64) 0;
 ^
conftest.c:26:18: error: '__int64' undeclared (first use in this function)
 __int64 value = (__int64) 0;
                  ^
conftest.c:26:18: note: each undeclared identifier is reported only once for each function it appears in
conftest.c:26:27: error: expected ',' or ';' before numeric constant
 __int64 value = (__int64) 0;
                           ^
configure:10971: $? = 1
configure: failed program was:
| /* confdefs.h.  */
| #define PACKAGE_NAME "Tktable"
| #define PACKAGE_TARNAME "tktable"
| #define PACKAGE_VERSION "2.11"
| #define PACKAGE_STRING "Tktable 2.11"
| #define PACKAGE_BUGREPORT ""
| #define BUILD_Tktable /**/
| #define STDC_HEADERS 1
| #define HAVE_SYS_TYPES_H 1
| #define HAVE_SYS_STAT_H 1
| #define HAVE_STDLIB_H 1
| #define HAVE_STRING_H 1
| #define HAVE_MEMORY_H 1
| #define HAVE_STRINGS_H 1
| #define HAVE_INTTYPES_H 1
| #define HAVE_STDINT_H 1
| #define HAVE_UNISTD_H 1
| #define TCL_THREADS 1
| #define MODULE_SCOPE extern
| #define NO_VIZ /**/
| /* end confdefs.h.  */
| 
| int
| main ()
| {
| __int64 value = (__int64) 0;
|   ;
|   return 0;
| }
configure:11011: gcc -c  -pipe  conftest.c >&5
configure:11018: $? = 0
configure:11054: result: long long
configure:11058: checking for struct dirent64
configure:11086: gcc -c  -pipe  conftest.c >&5
conftest.c:24:24: fatal error: sys/dirent.h: No such file or directory
 #include <sys/dirent.h>
                        ^
compilation terminated.
configure:11093: $? = 1
configure: failed program was:
| /* confdefs.h.  */
| #define PACKAGE_NAME "Tktable"
| #define PACKAGE_TARNAME "tktable"
| #define PACKAGE_VERSION "2.11"
| #define PACKAGE_STRING "Tktable 2.11"
| #define PACKAGE_BUGREPORT ""
| #define BUILD_Tktable /**/
| #define STDC_HEADERS 1
| #define HAVE_SYS_TYPES_H 1
| #define HAVE_SYS_STAT_H 1
| #define HAVE_STDLIB_H 1
| #define HAVE_STRING_H 1
| #define HAVE_MEMORY_H 1
| #define HAVE_STRINGS_H 1
| #define HAVE_INTTYPES_H 1
| #define HAVE_STDINT_H 1
| #define HAVE_UNISTD_H 1
| #define TCL_THREADS 1
| #define MODULE_SCOPE extern
| #define NO_VIZ /**/
| #define TCL_WIDE_INT_TYPE long long
| /* end confdefs.h.  */
| #include <sys/types.h>
| #include <sys/dirent.h>
| int
| main ()
| {
| struct dirent64 p;
|   ;
|   return 0;
| }
configure:11108: result: no
configure:11118: checking for struct stat64
configure:11146: gcc -c  -pipe  conftest.c >&5
configure:11153: $? = 0
configure:11168: result: yes
configure:11183: checking for open64
configure:11239: gcc -o conftest.exe  -pipe    conftest.c  >&5
C:\Users\adrian\AppData\Local\Temp\cciVMpit.o:conftest.c:(.text+0xe): undefined reference to `open64'
collect2.exe: error: ld returned 1 exit status
configure:11246: $? = 1
configure: failed program was:
| /* confdefs.h.  */
| #define PACKAGE_NAME "Tktable"
| #define PACKAGE_TARNAME "tktable"
| #define PACKAGE_VERSION "2.11"
| #define PACKAGE_STRING "Tktable 2.11"
| #define PACKAGE_BUGREPORT ""
| #define BUILD_Tktable /**/
| #define STDC_HEADERS 1
| #define HAVE_SYS_TYPES_H 1
| #define HAVE_SYS_STAT_H 1
| #define HAVE_STDLIB_H 1
| #define HAVE_STRING_H 1
| #define HAVE_MEMORY_H 1
| #define HAVE_STRINGS_H 1
| #define HAVE_INTTYPES_H 1
| #define HAVE_STDINT_H 1
| #define HAVE_UNISTD_H 1
| #define TCL_THREADS 1
| #define MODULE_SCOPE extern
| #define NO_VIZ /**/
| #define TCL_WIDE_INT_TYPE long long
| #define HAVE_STRUCT_STAT64 1
| /* end confdefs.h.  */
| /* Define open64 to an innocuous variant, in case <limits.h> declares open64.
|    For example, HP-UX 11i <limits.h> declares gettimeofday.  */
| #define open64 innocuous_open64
| 
| /* System header to define __stub macros and hopefully few prototypes,
|     which can conflict with char open64 (); below.
|     Prefer <limits.h> to <assert.h> if __STDC__ is defined, since
|     <limits.h> exists even on freestanding compilers.  */
| 
| #ifdef __STDC__
| # include <limits.h>
| #else
| # include <assert.h>
| #endif
| 
| #undef open64
| 
| /* Override any GCC internal prototype to avoid an error.
|    Use char because int might match the return type of a GCC
|    builtin and then its argument prototype would still apply.  */
| #ifdef __cplusplus
| extern "C"
| #endif
| char open64 ();
| /* The GNU C library defines this for functions which it implements
|     to always fail with ENOSYS.  Some functions are actually named
|     something starting with __ and the normal name is an alias.  */
| #if defined __stub_open64 || defined __stub___open64
| choke me
| #endif
| 
| int
| main ()
| {
| return open64 ();
|   ;
|   return 0;
| }
configure:11268: result: no
configure:11183: checking for lseek64
configure:11239: gcc -o conftest.exe  -pipe    conftest.c  >&5
configure:11246: $? = 0
configure:11268: result: yes
configure:11280: checking for off64_t
configure:11308: gcc -c  -pipe  conftest.c >&5
configure:11315: $? = 0
configure:11342: result: no
configure:11356: checking for build with symbols
configure:11369: result: no
configure:11538: checking for tclsh
configure:11565: result: /c/Tclbuild/Tcl64/bin/tclsh86.exe
configure:11570: checking for wish
configure:11597: result: /c/Tclbuild/Tcl64/bin/wish86.exe
configure:11748: creating ./config.status

## ---------------------- ##
## Running config.status. ##
## ---------------------- ##

This file was extended by Tktable config.status 2.11, which was
generated by GNU Autoconf 2.63.  Invocation command line was

  CONFIG_FILES    = 
  CONFIG_HEADERS  = 
  CONFIG_LINKS    = 
  CONFIG_COMMANDS = 
  $ ./config.status 

on winhera

config.status:722: creating Makefile
config.status:869: WARNING:  'Makefile.in' seems to ignore the --datarootdir setting

## ---------------- ##
## Cache variables. ##
## ---------------- ##

ac_cv_c_bigendian=no
ac_cv_c_compiler_gnu=yes
ac_cv_c_tclconfig=/c/Tclbuild/Tcl64/lib
ac_cv_c_tclh=/c/Tclbuild/Tcl64/include
ac_cv_c_tkconfig=/c/Tclbuild/Tcl64/lib
ac_cv_c_tkh=/c/Tclbuild/Tcl64/include
ac_cv_env_CC_set=
ac_cv_env_CC_value=
ac_cv_env_CFLAGS_set=
ac_cv_env_CFLAGS_value=
ac_cv_env_CPPFLAGS_set=
ac_cv_env_CPPFLAGS_value=
ac_cv_env_CPP_set=
ac_cv_env_CPP_value=
ac_cv_env_LDFLAGS_set=
ac_cv_env_LDFLAGS_value=
ac_cv_env_LIBS_set=
ac_cv_env_LIBS_value=
ac_cv_env_XMKMF_set=
ac_cv_env_XMKMF_value=
ac_cv_env_build_alias_set=
ac_cv_env_build_alias_value=
ac_cv_env_host_alias_set=
ac_cv_env_host_alias_value=
ac_cv_env_target_alias_set=
ac_cv_env_target_alias_value=
ac_cv_exeext=.exe
ac_cv_func_lseek64=yes
ac_cv_func_open64=no
ac_cv_header_inttypes_h=yes
ac_cv_header_memory_h=yes
ac_cv_header_stdc=yes
ac_cv_header_stdint_h=yes
ac_cv_header_stdlib_h=yes
ac_cv_header_string_h=yes
ac_cv_header_strings_h=yes
ac_cv_header_sys_stat_h=yes
ac_cv_header_sys_types_h=yes
ac_cv_header_unistd_h=yes
ac_cv_objext=o
ac_cv_path_EGREP='/bin//grep -E'
ac_cv_path_GREP=/bin//grep
ac_cv_path_install='/bin//install -c'
ac_cv_prog_AR=ar
ac_cv_prog_CPP='gcc -E'
ac_cv_prog_CYGPATH=echo
ac_cv_prog_ac_ct_CC=gcc
ac_cv_prog_ac_ct_RANLIB=ranlib
ac_cv_prog_cc_c89=
ac_cv_prog_cc_g=yes
ac_cv_prog_make_make_set=yes
tcl_cv_cc_pipe=yes
tcl_cv_cc_visibility_hidden=no
tcl_cv_flag__isoc99_source=no
tcl_cv_flag__largefile64_source=no
tcl_cv_flag__largefile_source64=no
tcl_cv_struct_dirent64=no
tcl_cv_struct_stat64=yes
tcl_cv_sys_version=windows
tcl_cv_type_64bit='long long'
tcl_cv_type_off64_t=yes

## ----------------- ##
## Output variables. ##
## ----------------- ##

AR='ar'
CC='gcc'
CELIB_DIR=''
CFLAGS=' -pipe ${CFLAGS_DEFAULT} ${CFLAGS_WARNING} ${SHLIB_CFLAGS} '
CFLAGS_DEBUG='-g'
CFLAGS_DEFAULT='-O2 -fomit-frame-pointer'
CFLAGS_OPTIMIZE='-O2 -fomit-frame-pointer'
CFLAGS_WARNING='-Wall'
CLEANFILES=' *.lib *.dll *.pdb *.exp pkgIndex.tcl tkTable.tcl.h'
CPP='gcc -E'
CPPFLAGS=''
CYGPATH='echo'
DEFS='-DPACKAGE_NAME=\"Tktable\" -DPACKAGE_TARNAME=\"tktable\" -DPACKAGE_VERSION=\"2.11\" -DPACKAGE_STRING=\"Tktable\ 2.11\" -DPACKAGE_BUGREPORT=\"\" -DBUILD_Tktable=/\*\*/ -DSTDC_HEADERS=1 -DHAVE_SYS_TYPES_H=1 -DHAVE_SYS_STAT_H=1 -DHAVE_STDLIB_H=1 -DHAVE_STRING_H=1 -DHAVE_MEMORY_H=1 -DHAVE_STRINGS_H=1 -DHAVE_INTTYPES_H=1 -DHAVE_STDINT_H=1 -DHAVE_UNISTD_H=1 -DTCL_THREADS=1 -DMODULE_SCOPE=extern -DNO_VIZ=/\*\*/ -DTCL_WIDE_INT_TYPE=long\ long -DHAVE_STRUCT_STAT64=1 -DHAVE_LSEEK64=1 -DUSE_TCL_STUBS=1 -DUSE_TK_STUBS=1'
ECHO_C=''
ECHO_N='-n'
ECHO_T=''
EGREP='/bin//grep -E'
EXEEXT='.exe'
GREP='/bin//grep'
INSTALL_DATA='${INSTALL} -m 644'
INSTALL_PROGRAM='${INSTALL}'
INSTALL_SCRIPT='${INSTALL}'
LDFLAGS=' '
LDFLAGS_DEFAULT=''
LD_LIBRARY_PATH_VAR='LD_LIBRARY_PATH'
LIBOBJS=''
LIBS=''
LTLIBOBJS=''
MAKE_LIB='${SHLIB_LD} -o $@ $(PKG_OBJECTS) ${SHLIB_LD_LIBS} '
MAKE_SHARED_LIB='${SHLIB_LD} -o $@ $(PKG_OBJECTS) ${SHLIB_LD_LIBS}'
MAKE_STATIC_LIB='${STLIB_LD} $@ $(PKG_OBJECTS)'
MAKE_STUB_LIB='${STLIB_LD} $@ $(PKG_STUB_OBJECTS)'
MATH_LIBS=''
OBJEXT='o'
PACKAGE_BUGREPORT=''
PACKAGE_NAME='Tktable'
PACKAGE_STRING='Tktable 2.11'
PACKAGE_TARNAME='tktable'
PACKAGE_VERSION='2.11'
PATH_SEPARATOR=':'
PKG_CFLAGS=' '
PKG_HEADERS=''
PKG_INCLUDES=' -I. -I"./generic"'
PKG_LIBS=' -lgdi32 -luser32'
PKG_LIB_FILE='Tktable211.dll'
PKG_OBJECTS=' tkTable.o tkTableWin.o tkTableTag.o tkTableEdit.o tkTableCell.o tkTableCellSort.o tkTableCmds.o tkTableUtil.o'
PKG_SOURCES=' tkTable.c tkTableWin.c tkTableTag.c tkTableEdit.c tkTableCell.c tkTableCellSort.c tkTableCmds.c tkTableUtil.c'
PKG_STUB_LIB_FILE='libTktablestub211.a'
PKG_STUB_OBJECTS=''
PKG_STUB_SOURCES=''
PKG_TCL_SOURCES=' library/tkTable.tcl library/tktable.py'
RANLIB=':'
RANLIB_STUB=':'
SET_MAKE=''
SHARED_BUILD='1'
SHELL='/bin/sh'
SHLIB_CFLAGS=''
SHLIB_LD='gcc -shared'
SHLIB_LD_LIBS='${LIBS} "/c/Tclbuild/Tcl64/lib/libtclstub86.a" "/c/Tclbuild/Tcl64/lib/libtkstub86.a"'
STLIB_LD='${AR} cr'
TCLSH_PROG='/c/Tclbuild/Tcl64/bin/tclsh86.exe'
TCL_BIN_DIR='/c/Tclbuild/Tcl64/lib'
TCL_DBGX=''
TCL_DEFS='-DPACKAGE_NAME=\"\" -DPACKAGE_TARNAME=\"\" -DPACKAGE_VERSION=\"\" -DPACKAGE_STRING=\"\" -DPACKAGE_BUGREPORT=\"\" -DSTDC_HEADERS=1 -DTCL_THREADS=1 -DUSE_THREAD_ALLOC=1 -DTCL_CFGVAL_ENCODING=\"cp1252\" -DHAVE_SYS_TYPES_H=1 -DHAVE_SYS_STAT_H=1 -DHAVE_STDLIB_H=1 -DHAVE_STRING_H=1 -DHAVE_MEMORY_H=1 -DHAVE_STRINGS_H=1 -DHAVE_INTTYPES_H=1 -DHAVE_STDINT_H=1 -DHAVE_UNISTD_H=1 -DMODULE_SCOPE=extern -DTCL_CFG_DO64BIT=1 -DHAVE_NO_SEH=1 -DHAVE_CAST_TO_UNION=1 -DHAVE_ZLIB=1 -DHAVE_INTPTR_T=1 -DHAVE_UINTPTR_T=1 -DHAVE_WSPIAPI_H=1 -DNDEBUG=1 -DTCL_CFG_OPTIMIZED=1 '
TCL_EXTRA_CFLAGS='-pipe'
TCL_INCLUDES='-I"/c/Tclbuild/Tcl64/include"'
TCL_LD_FLAGS=''
TCL_LIBS='-lnetapi32 -lkernel32 -luser32 -ladvapi32 -lws2_32'
TCL_LIB_FILE='libtcl86.a'
TCL_LIB_FLAG=''
TCL_LIB_SPEC='-L/c/Tclbuild/Tcl64/lib -ltcl86'
TCL_PATCH_LEVEL='.4'
TCL_SHLIB_LD_LIBS='${LIBS}'
TCL_SRC_DIR='/c/Tclbuild/build64/tcl8.6.4'
TCL_STUB_LIB_FILE='libtclstub86.a'
TCL_STUB_LIB_FLAG='-ltclstub86'
TCL_STUB_LIB_SPEC='-L/c/Tclbuild/Tcl64/lib -ltclstub86'
TCL_THREADS='1'
TCL_VERSION='8.6'
TK_BIN_DIR='/c/Tclbuild/Tcl64/lib'
TK_INCLUDES='-I"/c/Tclbuild/Tcl64/include"'
TK_LIBS='-lnetapi32 -lkernel32 -luser32 -ladvapi32 -lws2_32 -lgdi32 -lcomdlg32 -limm32 -lcomctl32 -lshell32 -luuid -lole32 -loleaut32'
TK_LIB_FILE='libtk86.a'
TK_LIB_FLAG='-ltk86'
TK_LIB_SPEC='-L/c/Tclbuild/Tcl64/lib -ltk86'
TK_SRC_DIR='/c/Tclbuild/build64/tk8.6.4'
TK_STUB_LIB_FILE='libtkstub86.a'
TK_STUB_LIB_FLAG='-ltkstub86'
TK_STUB_LIB_SPEC='-L/c/Tclbuild/Tcl64/lib -ltkstub86'
TK_VERSION='8.6'
TK_XINCLUDES=''
VC_MANIFEST_EMBED_DLL=''
VC_MANIFEST_EMBED_EXE=''
WISH_PROG='/c/Tclbuild/Tcl64/bin/wish86.exe'
XMKMF=''
ac_ct_CC='gcc'
bindir='${exec_prefix}/bin'
build_alias=''
datadir='${datarootdir}'
datarootdir='${prefix}/share'
docdir='${datarootdir}/doc/${PACKAGE_TARNAME}'
dvidir='${docdir}'
exec_prefix='/c/Tclbuild/Tcl64'
host_alias=''
htmldir='${docdir}'
includedir='${prefix}/include'
infodir='${datarootdir}/info'
libdir='${exec_prefix}/lib'
libexecdir='${exec_prefix}/libexec'
localedir='${datarootdir}/locale'
localstatedir='${prefix}/var'
mandir='${datarootdir}/man'
oldincludedir='/usr/include'
pdfdir='${docdir}'
prefix='/c/Tclbuild/Tcl64/lib'
program_transform_name='s,x,x,'
psdir='${docdir}'
sbindir='${exec_prefix}/sbin'
sharedstatedir='${prefix}/com'
sysconfdir='${prefix}/etc'
target_alias=''

## ----------- ##
## confdefs.h. ##
## ----------- ##

#define PACKAGE_NAME "Tktable"
#define PACKAGE_TARNAME "tktable"
#define PACKAGE_VERSION "2.11"
#define PACKAGE_STRING "Tktable 2.11"
#define PACKAGE_BUGREPORT ""
#define BUILD_Tktable /**/
#define STDC_HEADERS 1
#define HAVE_SYS_TYPES_H 1
#define HAVE_SYS_STAT_H 1
#define HAVE_STDLIB_H 1
#define HAVE_STRING_H 1
#define HAVE_MEMORY_H 1
#define HAVE_STRINGS_H 1
#define HAVE_INTTYPES_H 1
#define HAVE_STDINT_H 1
#define HAVE_UNISTD_H 1
#define TCL_THREADS 1
#define MODULE_SCOPE extern
#define NO_VIZ /**/
#define TCL_WIDE_INT_TYPE long long
#define HAVE_STRUCT_STAT64 1
#define HAVE_LSEEK64 1
#define USE_TCL_STUBS 1
#define USE_TK_STUBS 1

configure: exit 0
